<?xml version="1.0" encoding="UTF-8"?>
<!-- Generated by org.testng.reporters.JUnitReportReporter -->
<testsuite hostname="DESKTOP-LJUP405" failures="0" tests="1" name="testRunner.CollegeCreationRunner" time="52.982" errors="0" timestamp="2025-01-27T13:29:26 IST" skipped="0">
  <testcase classname="testRunner.CollegeCreationRunner" name="runScenario" time="52.982"/>
</testsuite> <!-- testRunner.CollegeCreationRunner -->
