<?xml version="1.0" encoding="UTF-8"?>
<!-- Generated by org.testng.reporters.JUnitReportReporter -->
<testsuite hostname="DESKTOP-LJUP405" failures="0" tests="1" name="testCases.Test_CollegeL1LoginTest" time="69.897" errors="0" timestamp="2025-01-20T12:09:26 IST" skipped="0">
  <testcase classname="testCases.Test_CollegeL1LoginTest" name="collgeLoginTest" time="69.897"/>
</testsuite> <!-- testCases.Test_CollegeL1LoginTest -->
