<?xml version="1.0" encoding="UTF-8"?>
<!-- Generated by org.testng.reporters.JUnitReportReporter -->
<testsuite hostname="DESKTOP-LJUP405" failures="0" tests="1" name="testRunner.CollegeCreationRunner" time="150.312" errors="0" timestamp="2025-01-28T16:38:59 IST" skipped="0">
  <testcase classname="testRunner.CollegeCreationRunner" name="runScenario" time="150.312"/>
</testsuite> <!-- testRunner.CollegeCreationRunner -->
