<?xml version="1.0" encoding="UTF-8"?>
<!-- Generated by org.testng.reporters.JUnitReportReporter -->
<testsuite hostname="DESKTOP-LJUP405" failures="0" tests="1" name="testRunner.TvetLoginRunner" time="68.601" errors="0" timestamp="2025-01-27T11:52:15 IST" skipped="0">
  <testcase classname="testRunner.TvetLoginRunner" name="runScenario" time="68.601"/>
</testsuite> <!-- testRunner.TvetLoginRunner -->
